[0312/131510.129:ERROR:process_memory_win.cc(73)] ReadMemory at 0x5374000 of 49152 bytes failed: Only part of a ReadProcessMemory or WriteProcessMemory request was completed. (0x12B)
[0312/131510.130:ERROR:process_memory_win.cc(73)] ReadMemory at 0x799e000 of 8192 bytes failed: Only part of a ReadProcessMemory or WriteProcessMemory request was completed. (0x12B)
[0312/131510.131:ERROR:process_memory_win.cc(73)] ReadMemory at 0x7a9e000 of 8192 bytes failed: Only part of a ReadProcessMemory or WriteProcessMemory request was completed. (0x12B)
[0312/131510.131:ERROR:process_memory_win.cc(73)] ReadMemory at 0x7b9e000 of 8192 bytes failed: Only part of a ReadProcessMemory or WriteProcessMemory request was completed. (0x12B)
[0312/131510.131:ERROR:process_memory_win.cc(73)] ReadMemory at 0x7c9e000 of 8192 bytes failed: Only part of a ReadProcessMemory or WriteProcessMemory request was completed. (0x12B)
[0312/131510.131:ERROR:process_memory_win.cc(73)] ReadMemory at 0x7e1f000 of 4096 bytes failed: Only part of a ReadProcessMemory or WriteProcessMemory request was completed. (0x12B)
[0312/131510.131:ERROR:process_memory_win.cc(73)] ReadMemory at 0x7f5e000 of 8192 bytes failed: Only part of a ReadProcessMemory or WriteProcessMemory request was completed. (0x12B)
[0312/131510.131:ERROR:process_memory_win.cc(73)] ReadMemory at 0x80fd000 of 12288 bytes failed: Only part of a ReadProcessMemory or WriteProcessMemory request was completed. (0x12B)
[0312/131510.131:ERROR:process_memory_win.cc(73)] ReadMemory at 0x837e000 of 8192 bytes failed: Only part of a ReadProcessMemory or WriteProcessMemory request was completed. (0x12B)
[0312/131510.131:ERROR:process_memory_win.cc(73)] ReadMemory at 0x84bc000 of 16384 bytes failed: Only part of a ReadProcessMemory or WriteProcessMemory request was completed. (0x12B)
[0312/131510.131:ERROR:process_memory_win.cc(73)] ReadMemory at 0x85fc000 of 16384 bytes failed: Only part of a ReadProcessMemory or WriteProcessMemory request was completed. (0x12B)
[0312/131510.131:ERROR:process_memory_win.cc(73)] ReadMemory at 0x873e000 of 8192 bytes failed: Only part of a ReadProcessMemory or WriteProcessMemory request was completed. (0x12B)
[0312/131510.131:ERROR:process_memory_win.cc(73)] ReadMemory at 0x90dd000 of 12288 bytes failed: Only part of a ReadProcessMemory or WriteProcessMemory request was completed. (0x12B)
[0312/131510.132:ERROR:process_memory_win.cc(73)] ReadMemory at 0x91dd000 of 12288 bytes failed: Only part of a ReadProcessMemory or WriteProcessMemory request was completed. (0x12B)
[0312/131510.132:ERROR:process_memory_win.cc(73)] ReadMemory at 0x5022f80 of 688 bytes failed: Only part of a ReadProcessMemory or WriteProcessMemory request was completed. (0x12B)
[0312/131510.132:ERROR:process_memory_win.cc(73)] ReadMemory at 0x5026000 of 3992 bytes failed: Only part of a ReadProcessMemory or WriteProcessMemory request was completed. (0x12B)
[0312/131510.132:ERROR:process_memory_win.cc(73)] ReadMemory at 0x5029000 of 3992 bytes failed: Only part of a ReadProcessMemory or WriteProcessMemory request was completed. (0x12B)
[0312/131510.132:ERROR:process_memory_win.cc(73)] ReadMemory at 0x502c000 of 3992 bytes failed: Only part of a ReadProcessMemory or WriteProcessMemory request was completed. (0x12B)
[0312/131510.132:ERROR:process_memory_win.cc(73)] ReadMemory at 0x502f000 of 3992 bytes failed: Only part of a ReadProcessMemory or WriteProcessMemory request was completed. (0x12B)
[0312/131510.132:ERROR:process_memory_win.cc(73)] ReadMemory at 0x5032000 of 3992 bytes failed: Only part of a ReadProcessMemory or WriteProcessMemory request was completed. (0x12B)
[0312/131510.132:ERROR:process_memory_win.cc(73)] ReadMemory at 0x5035000 of 3992 bytes failed: Only part of a ReadProcessMemory or WriteProcessMemory request was completed. (0x12B)
[0312/131510.132:ERROR:process_memory_win.cc(73)] ReadMemory at 0x5038000 of 3992 bytes failed: Only part of a ReadProcessMemory or WriteProcessMemory request was completed. (0x12B)
[0312/131510.132:ERROR:process_memory_win.cc(73)] ReadMemory at 0x503b000 of 3992 bytes failed: Only part of a ReadProcessMemory or WriteProcessMemory request was completed. (0x12B)
[0312/131510.132:ERROR:process_memory_win.cc(73)] ReadMemory at 0x5041000 of 3992 bytes failed: Only part of a ReadProcessMemory or WriteProcessMemory request was completed. (0x12B)
[0312/131510.132:ERROR:process_memory_win.cc(73)] ReadMemory at 0x5044000 of 3992 bytes failed: Only part of a ReadProcessMemory or WriteProcessMemory request was completed. (0x12B)
[0312/131510.132:ERROR:process_memory_win.cc(73)] ReadMemory at 0x5047000 of 3992 bytes failed: Only part of a ReadProcessMemory or WriteProcessMemory request was completed. (0x12B)
[0312/131510.132:ERROR:process_memory_win.cc(73)] ReadMemory at 0x504a000 of 3992 bytes failed: Only part of a ReadProcessMemory or WriteProcessMemory request was completed. (0x12B)
[0312/131510.132:ERROR:process_memory_win.cc(73)] ReadMemory at 0x504d000 of 3992 bytes failed: Only part of a ReadProcessMemory or WriteProcessMemory request was completed. (0x12B)
[0312/131510.133:ERROR:process_memory_win.cc(73)] ReadMemory at 0x5050000 of 3992 bytes failed: Only part of a ReadProcessMemory or WriteProcessMemory request was completed. (0x12B)
[0312/131510.133:ERROR:process_memory_win.cc(73)] ReadMemory at 0x53d04b0 of 72 bytes failed: Only part of a ReadProcessMemory or WriteProcessMemory request was completed. (0x12B)
[0312/131510.133:ERROR:process_memory_win.cc(73)] ReadMemory at 0x53d0560 of 76 bytes failed: Only part of a ReadProcessMemory or WriteProcessMemory request was completed. (0x12B)
[0312/131510.133:ERROR:process_memory_win.cc(73)] ReadMemory at 0x53d0af0 of 4142 bytes failed: Only part of a ReadProcessMemory or WriteProcessMemory request was completed. (0x12B)
[0312/131510.133:ERROR:process_memory_win.cc(73)] ReadMemory at 0x53d1b28 of 660 bytes failed: Only part of a ReadProcessMemory or WriteProcessMemory request was completed. (0x12B)
[0312/131510.133:ERROR:process_memory_win.cc(73)] ReadMemory at 0x53d1fec of 118 bytes failed: Only part of a ReadProcessMemory or WriteProcessMemory request was completed. (0x12B)
[0312/131510.133:ERROR:process_memory_win.cc(73)] ReadMemory at 0x53d2064 of 1364 bytes failed: Only part of a ReadProcessMemory or WriteProcessMemory request was completed. (0x12B)
[0312/131510.133:ERROR:process_memory_win.cc(73)] ReadMemory at 0x53d25ba of 118 bytes failed: Only part of a ReadProcessMemory or WriteProcessMemory request was completed. (0x12B)
[0312/131510.133:ERROR:process_memory_win.cc(73)] ReadMemory at 0x53d2632 of 100 bytes failed: Only part of a ReadProcessMemory or WriteProcessMemory request was completed. (0x12B)
[0312/131510.133:ERROR:process_memory_win.cc(73)] ReadMemory at 0x53d36d0 of 58 bytes failed: Only part of a ReadProcessMemory or WriteProcessMemory request was completed. (0x12B)
[0312/131510.133:ERROR:process_memory_win.cc(73)] ReadMemory at 0x53d37c0 of 72 bytes failed: Only part of a ReadProcessMemory or WriteProcessMemory request was completed. (0x12B)
[0312/131510.133:ERROR:process_memory_win.cc(73)] ReadMemory at 0x53d38a8 of 72 bytes failed: Only part of a ReadProcessMemory or WriteProcessMemory request was completed. (0x12B)
[0312/131510.133:ERROR:process_memory_win.cc(73)] ReadMemory at 0x53d39a8 of 126 bytes failed: Only part of a ReadProcessMemory or WriteProcessMemory request was completed. (0x12B)
[0312/131510.133:ERROR:process_memory_win.cc(73)] ReadMemory at 0x53d3cd8 of 72 bytes failed: Only part of a ReadProcessMemory or WriteProcessMemory request was completed. (0x12B)
[0312/131510.133:ERROR:process_memory_win.cc(73)] ReadMemory at 0x53d3dc0 of 64 bytes failed: Only part of a ReadProcessMemory or WriteProcessMemory request was completed. (0x12B)
[0312/131510.133:ERROR:process_memory_win.cc(73)] ReadMemory at 0x53d3ea8 of 72 bytes failed: Only part of a ReadProcessMemory or WriteProcessMemory request was completed. (0x12B)
[0312/131510.134:ERROR:process_memory_win.cc(73)] ReadMemory at 0x53d4038 of 72 bytes failed: Only part of a ReadProcessMemory or WriteProcessMemory request was completed. (0x12B)
[0312/131510.134:ERROR:process_memory_win.cc(73)] ReadMemory at 0x53d4120 of 68 bytes failed: Only part of a ReadProcessMemory or WriteProcessMemory request was completed. (0x12B)
[0312/131510.134:ERROR:process_memory_win.cc(73)] ReadMemory at 0x53d4b78 of 72 bytes failed: Only part of a ReadProcessMemory or WriteProcessMemory request was completed. (0x12B)
[0312/131510.134:ERROR:process_memory_win.cc(73)] ReadMemory at 0x53d4c28 of 66 bytes failed: Only part of a ReadProcessMemory or WriteProcessMemory request was completed. (0x12B)
[0312/131510.134:ERROR:process_memory_win.cc(73)] ReadMemory at 0x53d4c88 of 72 bytes failed: Only part of a ReadProcessMemory or WriteProcessMemory request was completed. (0x12B)
[0312/131510.134:ERROR:process_memory_win.cc(73)] ReadMemory at 0x53d4d70 of 154 bytes failed: Only part of a ReadProcessMemory or WriteProcessMemory request was completed. (0x12B)
[0312/131510.134:ERROR:process_memory_win.cc(73)] ReadMemory at 0x53d5260 of 62 bytes failed: Only part of a ReadProcessMemory or WriteProcessMemory request was completed. (0x12B)
[0312/131510.134:ERROR:process_memory_win.cc(73)] ReadMemory at 0x53d5860 of 72 bytes failed: Only part of a ReadProcessMemory or WriteProcessMemory request was completed. (0x12B)
[0312/131510.134:ERROR:process_memory_win.cc(73)] ReadMemory at 0x53d5970 of 72 bytes failed: Only part of a ReadProcessMemory or WriteProcessMemory request was completed. (0x12B)
[0312/131510.134:ERROR:process_memory_win.cc(73)] ReadMemory at 0x53d5a58 of 60 bytes failed: Only part of a ReadProcessMemory or WriteProcessMemory request was completed. (0x12B)
[0312/131510.134:ERROR:process_memory_win.cc(73)] ReadMemory at 0x53d5ba0 of 66 bytes failed: Only part of a ReadProcessMemory or WriteProcessMemory request was completed. (0x12B)
[0312/131510.134:ERROR:process_memory_win.cc(73)] ReadMemory at 0x53d5bf0 of 64 bytes failed: Only part of a ReadProcessMemory or WriteProcessMemory request was completed. (0x12B)
[0312/131510.134:ERROR:process_memory_win.cc(73)] ReadMemory at 0x53d6a00 of 64 bytes failed: Only part of a ReadProcessMemory or WriteProcessMemory request was completed. (0x12B)
[0312/131510.134:ERROR:process_memory_win.cc(73)] ReadMemory at 0x53d6b08 of 64 bytes failed: Only part of a ReadProcessMemory or WriteProcessMemory request was completed. (0x12B)
[0312/131510.134:ERROR:process_memory_win.cc(73)] ReadMemory at 0x53d6b60 of 72 bytes failed: Only part of a ReadProcessMemory or WriteProcessMemory request was completed. (0x12B)
[0312/131510.134:ERROR:process_memory_win.cc(73)] ReadMemory at 0x53d6c48 of 80 bytes failed: Only part of a ReadProcessMemory or WriteProcessMemory request was completed. (0x12B)
[0312/131510.134:ERROR:process_memory_win.cc(73)] ReadMemory at 0x53d6de0 of 72 bytes failed: Only part of a ReadProcessMemory or WriteProcessMemory request was completed. (0x12B)
[0312/131510.134:ERROR:process_memory_win.cc(73)] ReadMemory at 0x53d70a8 of 64 bytes failed: Only part of a ReadProcessMemory or WriteProcessMemory request was completed. (0x12B)
[0312/131510.135:ERROR:process_memory_win.cc(73)] ReadMemory at 0x53da0c8 of 72 bytes failed: Only part of a ReadProcessMemory or WriteProcessMemory request was completed. (0x12B)
[0312/131510.135:ERROR:process_memory_win.cc(73)] ReadMemory at 0x53da8f0 of 64 bytes failed: Only part of a ReadProcessMemory or WriteProcessMemory request was completed. (0x12B)
[0312/131510.135:ERROR:process_memory_win.cc(73)] ReadMemory at 0x53dab88 of 146 bytes failed: Only part of a ReadProcessMemory or WriteProcessMemory request was completed. (0x12B)
[0312/131510.135:ERROR:process_memory_win.cc(73)] ReadMemory at 0x53db030 of 72 bytes failed: Only part of a ReadProcessMemory or WriteProcessMemory request was completed. (0x12B)
[0312/131510.135:ERROR:process_memory_win.cc(73)] ReadMemory at 0x53db0e0 of 54 bytes failed: Only part of a ReadProcessMemory or WriteProcessMemory request was completed. (0x12B)
[0312/131510.135:ERROR:process_memory_win.cc(73)] ReadMemory at 0x53dc418 of 62 bytes failed: Only part of a ReadProcessMemory or WriteProcessMemory request was completed. (0x12B)
[0312/131510.135:ERROR:process_memory_win.cc(73)] ReadMemory at 0x53dc4f0 of 60 bytes failed: Only part of a ReadProcessMemory or WriteProcessMemory request was completed. (0x12B)
[0312/131510.135:ERROR:process_memory_win.cc(73)] ReadMemory at 0x53dc538 of 62 bytes failed: Only part of a ReadProcessMemory or WriteProcessMemory request was completed. (0x12B)
[0312/131510.135:ERROR:process_memory_win.cc(73)] ReadMemory at 0x53dc580 of 62 bytes failed: Only part of a ReadProcessMemory or WriteProcessMemory request was completed. (0x12B)
[0312/131510.135:ERROR:process_memory_win.cc(73)] ReadMemory at 0x53dc5c8 of 60 bytes failed: Only part of a ReadProcessMemory or WriteProcessMemory request was completed. (0x12B)
[0312/131510.135:ERROR:process_memory_win.cc(73)] ReadMemory at 0x53dc6a0 of 60 bytes failed: Only part of a ReadProcessMemory or WriteProcessMemory request was completed. (0x12B)
[0312/131510.135:ERROR:process_memory_win.cc(73)] ReadMemory at 0x53dc730 of 62 bytes failed: Only part of a ReadProcessMemory or WriteProcessMemory request was completed. (0x12B)
[0312/131510.135:ERROR:process_memory_win.cc(73)] ReadMemory at 0x53dc7c0 of 60 bytes failed: Only part of a ReadProcessMemory or WriteProcessMemory request was completed. (0x12B)
[0312/131510.135:ERROR:process_memory_win.cc(73)] ReadMemory at 0x53dc808 of 62 bytes failed: Only part of a ReadProcessMemory or WriteProcessMemory request was completed. (0x12B)
[0312/131510.135:ERROR:process_memory_win.cc(73)] ReadMemory at 0x53dc8e0 of 62 bytes failed: Only part of a ReadProcessMemory or WriteProcessMemory request was completed. (0x12B)
[0312/131510.135:ERROR:process_memory_win.cc(73)] ReadMemory at 0x53dc928 of 60 bytes failed: Only part of a ReadProcessMemory or WriteProcessMemory request was completed. (0x12B)
[0312/131510.135:ERROR:process_memory_win.cc(73)] ReadMemory at 0x53dc9b8 of 62 bytes failed: Only part of a ReadProcessMemory or WriteProcessMemory request was completed. (0x12B)
[0312/131510.136:ERROR:process_memory_win.cc(73)] ReadMemory at 0x53dca48 of 58 bytes failed: Only part of a ReadProcessMemory or WriteProcessMemory request was completed. (0x12B)
[0312/131510.136:ERROR:process_memory_win.cc(73)] ReadMemory at 0x53dcd40 of 72 bytes failed: Only part of a ReadProcessMemory or WriteProcessMemory request was completed. (0x12B)
[0312/131510.136:ERROR:process_memory_win.cc(73)] ReadMemory at 0x53dcdf0 of 64 bytes failed: Only part of a ReadProcessMemory or WriteProcessMemory request was completed. (0x12B)
[0312/131510.136:ERROR:process_memory_win.cc(73)] ReadMemory at 0x53de5c8 of 64 bytes failed: Only part of a ReadProcessMemory or WriteProcessMemory request was completed. (0x12B)
[0312/131510.136:ERROR:process_memory_win.cc(73)] ReadMemory at 0x53de618 of 66 bytes failed: Only part of a ReadProcessMemory or WriteProcessMemory request was completed. (0x12B)
[0312/131510.136:ERROR:process_memory_win.cc(73)] ReadMemory at 0x53dfcc8 of 72 bytes failed: Only part of a ReadProcessMemory or WriteProcessMemory request was completed. (0x12B)
[0312/131510.136:ERROR:process_memory_win.cc(73)] ReadMemory at 0x53e0e28 of 78 bytes failed: Only part of a ReadProcessMemory or WriteProcessMemory request was completed. (0x12B)
[0312/131510.136:ERROR:process_memory_win.cc(73)] ReadMemory at 0x53e0ea0 of 80 bytes failed: Only part of a ReadProcessMemory or WriteProcessMemory request was completed. (0x12B)
[0312/131510.136:ERROR:process_memory_win.cc(73)] ReadMemory at 0x53e2400 of 64 bytes failed: Only part of a ReadProcessMemory or WriteProcessMemory request was completed. (0x12B)
[0312/131510.136:ERROR:process_memory_win.cc(73)] ReadMemory at 0x53e24f8 of 66 bytes failed: Only part of a ReadProcessMemory or WriteProcessMemory request was completed. (0x12B)
[0312/131510.136:ERROR:process_memory_win.cc(73)] ReadMemory at 0x53e2600 of 64 bytes failed: Only part of a ReadProcessMemory or WriteProcessMemory request was completed. (0x12B)
[0312/131510.136:ERROR:process_memory_win.cc(73)] ReadMemory at 0x53e3ee0 of 72 bytes failed: Only part of a ReadProcessMemory or WriteProcessMemory request was completed. (0x12B)
[0312/131510.136:ERROR:process_memory_win.cc(73)] ReadMemory at 0x53e3f90 of 72 bytes failed: Only part of a ReadProcessMemory or WriteProcessMemory request was completed. (0x12B)
[0312/131510.136:ERROR:process_memory_win.cc(73)] ReadMemory at 0x53e4040 of 72 bytes failed: Only part of a ReadProcessMemory or WriteProcessMemory request was completed. (0x12B)
[0312/131510.136:ERROR:process_memory_win.cc(73)] ReadMemory at 0x53e40f0 of 72 bytes failed: Only part of a ReadProcessMemory or WriteProcessMemory request was completed. (0x12B)
[0312/131510.136:ERROR:process_memory_win.cc(73)] ReadMemory at 0x53e41a0 of 72 bytes failed: Only part of a ReadProcessMemory or WriteProcessMemory request was completed. (0x12B)
[0312/131510.136:ERROR:process_memory_win.cc(73)] ReadMemory at 0x53e4250 of 72 bytes failed: Only part of a ReadProcessMemory or WriteProcessMemory request was completed. (0x12B)
[0312/131510.136:ERROR:process_memory_win.cc(73)] ReadMemory at 0x53e4300 of 72 bytes failed: Only part of a ReadProcessMemory or WriteProcessMemory request was completed. (0x12B)
[0312/131510.136:ERROR:process_memory_win.cc(73)] ReadMemory at 0x53e43b0 of 72 bytes failed: Only part of a ReadProcessMemory or WriteProcessMemory request was completed. (0x12B)
[0312/131510.137:ERROR:process_memory_win.cc(73)] ReadMemory at 0x53e4460 of 72 bytes failed: Only part of a ReadProcessMemory or WriteProcessMemory request was completed. (0x12B)
[0312/131510.137:ERROR:process_memory_win.cc(73)] ReadMemory at 0x53e45c0 of 72 bytes failed: Only part of a ReadProcessMemory or WriteProcessMemory request was completed. (0x12B)
[0312/131510.137:ERROR:process_memory_win.cc(73)] ReadMemory at 0x53e4670 of 72 bytes failed: Only part of a ReadProcessMemory or WriteProcessMemory request was completed. (0x12B)
[0312/131510.137:ERROR:process_memory_win.cc(73)] ReadMemory at 0x53e47d0 of 72 bytes failed: Only part of a ReadProcessMemory or WriteProcessMemory request was completed. (0x12B)
[0312/131510.137:ERROR:process_memory_win.cc(73)] ReadMemory at 0x53e4880 of 72 bytes failed: Only part of a ReadProcessMemory or WriteProcessMemory request was completed. (0x12B)
[0312/131510.137:ERROR:process_memory_win.cc(73)] ReadMemory at 0x53e4930 of 72 bytes failed: Only part of a ReadProcessMemory or WriteProcessMemory request was completed. (0x12B)
[0312/131510.137:ERROR:process_memory_win.cc(73)] ReadMemory at 0x53e49e0 of 72 bytes failed: Only part of a ReadProcessMemory or WriteProcessMemory request was completed. (0x12B)
[0312/131510.137:ERROR:process_memory_win.cc(73)] ReadMemory at 0x53e4a90 of 72 bytes failed: Only part of a ReadProcessMemory or WriteProcessMemory request was completed. (0x12B)
[0312/131510.137:ERROR:process_memory_win.cc(73)] ReadMemory at 0x53e4b40 of 72 bytes failed: Only part of a ReadProcessMemory or WriteProcessMemory request was completed. (0x12B)
[0312/131510.137:ERROR:process_memory_win.cc(73)] ReadMemory at 0x53e4bf0 of 72 bytes failed: Only part of a ReadProcessMemory or WriteProcessMemory request was completed. (0x12B)
[0312/131510.137:ERROR:process_memory_win.cc(73)] ReadMemory at 0x53e4ca0 of 72 bytes failed: Only part of a ReadProcessMemory or WriteProcessMemory request was completed. (0x12B)
[0312/131510.137:ERROR:process_memory_win.cc(73)] ReadMemory at 0x53e4d50 of 72 bytes failed: Only part of a ReadProcessMemory or WriteProcessMemory request was completed. (0x12B)
[0312/131510.137:ERROR:process_memory_win.cc(73)] ReadMemory at 0x53e60d0 of 72 bytes failed: Only part of a ReadProcessMemory or WriteProcessMemory request was completed. (0x12B)
[0312/131510.137:ERROR:process_memory_win.cc(73)] ReadMemory at 0x53e6230 of 72 bytes failed: Only part of a ReadProcessMemory or WriteProcessMemory request was completed. (0x12B)
[0312/131510.137:ERROR:process_memory_win.cc(73)] ReadMemory at 0x53e62e0 of 72 bytes failed: Only part of a ReadProcessMemory or WriteProcessMemory request was completed. (0x12B)
[0312/131510.137:ERROR:process_memory_win.cc(73)] ReadMemory at 0x53e6440 of 72 bytes failed: Only part of a ReadProcessMemory or WriteProcessMemory request was completed. (0x12B)
[0312/131510.137:ERROR:process_memory_win.cc(73)] ReadMemory at 0x53e64f0 of 72 bytes failed: Only part of a ReadProcessMemory or WriteProcessMemory request was completed. (0x12B)
[0312/131510.137:ERROR:process_memory_win.cc(73)] ReadMemory at 0x53e6910 of 72 bytes failed: Only part of a ReadProcessMemory or WriteProcessMemory request was completed. (0x12B)
[0312/131510.137:ERROR:process_memory_win.cc(73)] ReadMemory at 0x53e69c0 of 72 bytes failed: Only part of a ReadProcessMemory or WriteProcessMemory request was completed. (0x12B)
[0312/131510.138:ERROR:process_memory_win.cc(73)] ReadMemory at 0x53e6b20 of 72 bytes failed: Only part of a ReadProcessMemory or WriteProcessMemory request was completed. (0x12B)
[0312/131510.138:ERROR:process_memory_win.cc(73)] ReadMemory at 0x53e6bd0 of 72 bytes failed: Only part of a ReadProcessMemory or WriteProcessMemory request was completed. (0x12B)
[0312/131510.138:ERROR:process_memory_win.cc(73)] ReadMemory at 0x53e6d30 of 72 bytes failed: Only part of a ReadProcessMemory or WriteProcessMemory request was completed. (0x12B)
[0312/131510.138:ERROR:process_memory_win.cc(73)] ReadMemory at 0x53e6de0 of 72 bytes failed: Only part of a ReadProcessMemory or WriteProcessMemory request was completed. (0x12B)
[0312/131510.138:ERROR:process_memory_win.cc(73)] ReadMemory at 0x53e6e90 of 72 bytes failed: Only part of a ReadProcessMemory or WriteProcessMemory request was completed. (0x12B)
[0312/131510.138:ERROR:process_memory_win.cc(73)] ReadMemory at 0x53e6f40 of 72 bytes failed: Only part of a ReadProcessMemory or WriteProcessMemory request was completed. (0x12B)
[0312/131510.138:ERROR:process_memory_win.cc(73)] ReadMemory at 0x53e70a0 of 72 bytes failed: Only part of a ReadProcessMemory or WriteProcessMemory request was completed. (0x12B)
[0312/131510.138:ERROR:process_memory_win.cc(73)] ReadMemory at 0x53e7150 of 72 bytes failed: Only part of a ReadProcessMemory or WriteProcessMemory request was completed. (0x12B)
[0312/131510.138:ERROR:process_memory_win.cc(73)] ReadMemory at 0x53e8100 of 62 bytes failed: Only part of a ReadProcessMemory or WriteProcessMemory request was completed. (0x12B)
[0312/131510.138:ERROR:process_memory_win.cc(73)] ReadMemory at 0x53e8148 of 60 bytes failed: Only part of a ReadProcessMemory or WriteProcessMemory request was completed. (0x12B)
[0312/131510.138:ERROR:process_memory_win.cc(73)] ReadMemory at 0x53e8268 of 58 bytes failed: Only part of a ReadProcessMemory or WriteProcessMemory request was completed. (0x12B)
[0312/131510.138:ERROR:process_memory_win.cc(73)] ReadMemory at 0x53e82b0 of 62 bytes failed: Only part of a ReadProcessMemory or WriteProcessMemory request was completed. (0x12B)
[0312/131510.138:ERROR:process_memory_win.cc(73)] ReadMemory at 0x53e82f8 of 62 bytes failed: Only part of a ReadProcessMemory or WriteProcessMemory request was completed. (0x12B)
[0312/131510.138:ERROR:process_memory_win.cc(73)] ReadMemory at 0x53e8388 of 62 bytes failed: Only part of a ReadProcessMemory or WriteProcessMemory request was completed. (0x12B)
[0312/131510.138:ERROR:process_memory_win.cc(73)] ReadMemory at 0x53e83d0 of 58 bytes failed: Only part of a ReadProcessMemory or WriteProcessMemory request was completed. (0x12B)
[0312/131510.138:ERROR:process_memory_win.cc(73)] ReadMemory at 0x53e8460 of 60 bytes failed: Only part of a ReadProcessMemory or WriteProcessMemory request was completed. (0x12B)
[0312/131510.138:ERROR:process_memory_win.cc(73)] ReadMemory at 0x53e8580 of 58 bytes failed: Only part of a ReadProcessMemory or WriteProcessMemory request was completed. (0x12B)
[0312/131510.138:ERROR:process_memory_win.cc(73)] ReadMemory at 0x53e8658 of 62 bytes failed: Only part of a ReadProcessMemory or WriteProcessMemory request was completed. (0x12B)
[0312/131510.138:ERROR:process_memory_win.cc(73)] ReadMemory at 0x53e86e8 of 60 bytes failed: Only part of a ReadProcessMemory or WriteProcessMemory request was completed. (0x12B)
[0312/131510.139:ERROR:process_memory_win.cc(73)] ReadMemory at 0x53e8778 of 62 bytes failed: Only part of a ReadProcessMemory or WriteProcessMemory request was completed. (0x12B)
[0312/131510.139:ERROR:process_memory_win.cc(73)] ReadMemory at 0x53fd8f0 of 512 bytes failed: Only part of a ReadProcessMemory or WriteProcessMemory request was completed. (0x12B)
[0312/131510.139:ERROR:process_memory_win.cc(73)] ReadMemory at 0x57945a8 of 528 bytes failed: Only part of a ReadProcessMemory or WriteProcessMemory request was completed. (0x12B)
[0312/131510.139:ERROR:process_memory_win.cc(73)] ReadMemory at 0x57a5d50 of 612 bytes failed: Only part of a ReadProcessMemory or WriteProcessMemory request was completed. (0x12B)
[0312/131510.139:ERROR:process_memory_win.cc(73)] ReadMemory at 0x8cd013c of 512 bytes failed: Only part of a ReadProcessMemory or WriteProcessMemory request was completed. (0x12B)
[0312/131510.139:ERROR:process_memory_win.cc(73)] ReadMemory at 0x11ec88a7 of 512 bytes failed: Only part of a ReadProcessMemory or WriteProcessMemory request was completed. (0x12B)
[0312/131510.139:ERROR:process_memory_win.cc(73)] ReadMemory at 0x28cd53b8 of 512 bytes failed: Only part of a ReadProcessMemory or WriteProcessMemory request was completed. (0x12B)
[0312/131510.139:ERROR:process_memory_win.cc(73)] ReadMemory at 0x28d42cc8 of 512 bytes failed: Only part of a ReadProcessMemory or WriteProcessMemory request was completed. (0x12B)
[0312/131510.139:ERROR:process_memory_win.cc(73)] ReadMemory at 0x28d46370 of 512 bytes failed: Only part of a ReadProcessMemory or WriteProcessMemory request was completed. (0x12B)
[0312/131510.139:ERROR:process_memory_win.cc(73)] ReadMemory at 0x760d4112 of 512 bytes failed: Only part of a ReadProcessMemory or WriteProcessMemory request was completed. (0x12B)
[0312/131510.139:ERROR:process_memory_win.cc(73)] ReadMemory at 0x771019e0 of 512 bytes failed: Only part of a ReadProcessMemory or WriteProcessMemory request was completed. (0x12B)
[0312/131510.139:ERROR:process_memory_win.cc(73)] ReadMemory at 0x771e9270 of 18 bytes failed: Only part of a ReadProcessMemory or WriteProcessMemory request was completed. (0x12B)
[0312/131510.139:ERROR:process_memory_win.cc(73)] ReadMemory at 0x77251d1c of 592 bytes failed: Only part of a ReadProcessMemory or WriteProcessMemory request was completed. (0x12B)
[0312/131510.139:ERROR:process_memory_win.cc(73)] ReadMemory at 0x7725203c of 512 bytes failed: Only part of a ReadProcessMemory or WriteProcessMemory request was completed. (0x12B)
[0312/131510.139:ERROR:process_memory_win.cc(73)] ReadMemory at 0x7725399c of 560 bytes failed: Only part of a ReadProcessMemory or WriteProcessMemory request was completed. (0x12B)
[0312/131510.139:ERROR:process_memory_win.cc(73)] ReadMemory at 0x772fb3d0 of 24 bytes failed: Only part of a ReadProcessMemory or WriteProcessMemory request was completed. (0x12B)
[0312/131510.139:ERROR:process_memory_win.cc(73)] ReadMemory at 0x772fb76c of 32 bytes failed: Only part of a ReadProcessMemory or WriteProcessMemory request was completed. (0x12B)
[0312/131510.139:ERROR:process_memory_win.cc(73)] ReadMemory at 0x772fdca0 of 36 bytes failed: Only part of a ReadProcessMemory or WriteProcessMemory request was completed. (0x12B)
[0312/131510.141:ERROR:scoped_process_suspend.cc(40)] NtResumeProcess: An attempt was made to access an exiting process. (0xc000010a)
[0312/132313.463:ERROR:process_info.cc(329)] VirtualQueryEx: Access is denied. (0x5)
[0312/132313.464:ERROR:process_info.cc(556)] ReadMemoryInfo failed
[0312/132313.464:ERROR:process_memory_win.cc(39)] Failed to initialize ProcessInfo.
[0312/132313.464:ERROR:scoped_process_suspend.cc(40)] NtResumeProcess: An attempt was made to access an exiting process. (0xc000010a)
[0312/132510.020:ERROR:process_memory_win.cc(73)] ReadMemory at 0x4f73000 of 53248 bytes failed: Only part of a ReadProcessMemory or WriteProcessMemory request was completed. (0x12B)
[0312/132510.020:ERROR:process_memory_win.cc(73)] ReadMemory at 0x74ce000 of 8192 bytes failed: Only part of a ReadProcessMemory or WriteProcessMemory request was completed. (0x12B)
[0312/132510.020:ERROR:process_memory_win.cc(73)] ReadMemory at 0x75ce000 of 8192 bytes failed: Only part of a ReadProcessMemory or WriteProcessMemory request was completed. (0x12B)
[0312/132510.021:ERROR:process_memory_win.cc(73)] ReadMemory at 0x76ce000 of 8192 bytes failed: Only part of a ReadProcessMemory or WriteProcessMemory request was completed. (0x12B)
[0312/132510.021:ERROR:process_memory_win.cc(73)] ReadMemory at 0x780e000 of 8192 bytes failed: Only part of a ReadProcessMemory or WriteProcessMemory request was completed. (0x12B)
[0312/132510.021:ERROR:process_memory_win.cc(73)] ReadMemory at 0x79cf000 of 4096 bytes failed: Only part of a ReadProcessMemory or WriteProcessMemory request was completed. (0x12B)
[0312/132510.021:ERROR:process_memory_win.cc(73)] ReadMemory at 0x7b0e000 of 8192 bytes failed: Only part of a ReadProcessMemory or WriteProcessMemory request was completed. (0x12B)
[0312/132510.021:ERROR:process_memory_win.cc(73)] ReadMemory at 0x7c4d000 of 12288 bytes failed: Only part of a ReadProcessMemory or WriteProcessMemory request was completed. (0x12B)
[0312/132510.021:ERROR:process_memory_win.cc(73)] ReadMemory at 0x7d8e000 of 8192 bytes failed: Only part of a ReadProcessMemory or WriteProcessMemory request was completed. (0x12B)
[0312/132510.021:ERROR:process_memory_win.cc(73)] ReadMemory at 0x7ecb000 of 20480 bytes failed: Only part of a ReadProcessMemory or WriteProcessMemory request was completed. (0x12B)
[0312/132510.021:ERROR:process_memory_win.cc(73)] ReadMemory at 0x800b000 of 20480 bytes failed: Only part of a ReadProcessMemory or WriteProcessMemory request was completed. (0x12B)
[0312/132510.021:ERROR:process_memory_win.cc(73)] ReadMemory at 0x814e000 of 8192 bytes failed: Only part of a ReadProcessMemory or WriteProcessMemory request was completed. (0x12B)
[0312/132510.021:ERROR:process_memory_win.cc(73)] ReadMemory at 0x8ebd000 of 12288 bytes failed: Only part of a ReadProcessMemory or WriteProcessMemory request was completed. (0x12B)
[0312/132510.022:ERROR:process_memory_win.cc(73)] ReadMemory at 0x8fbd000 of 12288 bytes failed: Only part of a ReadProcessMemory or WriteProcessMemory request was completed. (0x12B)
[0312/132510.022:ERROR:process_memory_win.cc(73)] ReadMemory at 0x4be0000 of 856 bytes failed: Only part of a ReadProcessMemory or WriteProcessMemory request was completed. (0x12B)
[0312/132510.022:ERROR:process_memory_win.cc(73)] ReadMemory at 0x4be0d60 of 512 bytes failed: Only part of a ReadProcessMemory or WriteProcessMemory request was completed. (0x12B)
[0312/132510.022:ERROR:process_memory_win.cc(73)] ReadMemory at 0x4ccbf80 of 688 bytes failed: Only part of a ReadProcessMemory or WriteProcessMemory request was completed. (0x12B)
[0312/132510.022:ERROR:process_memory_win.cc(73)] ReadMemory at 0x4ccf000 of 3992 bytes failed: Only part of a ReadProcessMemory or WriteProcessMemory request was completed. (0x12B)
[0312/132510.022:ERROR:process_memory_win.cc(73)] ReadMemory at 0x4cd2000 of 3992 bytes failed: Only part of a ReadProcessMemory or WriteProcessMemory request was completed. (0x12B)
[0312/132510.022:ERROR:process_memory_win.cc(73)] ReadMemory at 0x4cd5000 of 3992 bytes failed: Only part of a ReadProcessMemory or WriteProcessMemory request was completed. (0x12B)
[0312/132510.022:ERROR:process_memory_win.cc(73)] ReadMemory at 0x4cd8000 of 3992 bytes failed: Only part of a ReadProcessMemory or WriteProcessMemory request was completed. (0x12B)
[0312/132510.022:ERROR:process_memory_win.cc(73)] ReadMemory at 0x4cdb000 of 3992 bytes failed: Only part of a ReadProcessMemory or WriteProcessMemory request was completed. (0x12B)
[0312/132510.022:ERROR:process_memory_win.cc(73)] ReadMemory at 0x4cde000 of 3992 bytes failed: Only part of a ReadProcessMemory or WriteProcessMemory request was completed. (0x12B)
[0312/132510.023:ERROR:process_memory_win.cc(73)] ReadMemory at 0x4ce1000 of 3992 bytes failed: Only part of a ReadProcessMemory or WriteProcessMemory request was completed. (0x12B)
[0312/132510.023:ERROR:process_memory_win.cc(73)] ReadMemory at 0x4ce4000 of 3992 bytes failed: Only part of a ReadProcessMemory or WriteProcessMemory request was completed. (0x12B)
[0312/132510.023:ERROR:process_memory_win.cc(73)] ReadMemory at 0x4ce7000 of 3992 bytes failed: Only part of a ReadProcessMemory or WriteProcessMemory request was completed. (0x12B)
[0312/132510.023:ERROR:process_memory_win.cc(73)] ReadMemory at 0x4cea000 of 3992 bytes failed: Only part of a ReadProcessMemory or WriteProcessMemory request was completed. (0x12B)
[0312/132510.024:ERROR:process_memory_win.cc(73)] ReadMemory at 0x4ced000 of 3992 bytes failed: Only part of a ReadProcessMemory or WriteProcessMemory request was completed. (0x12B)
[0312/132510.024:ERROR:process_memory_win.cc(73)] ReadMemory at 0x4cf0000 of 3992 bytes failed: Only part of a ReadProcessMemory or WriteProcessMemory request was completed. (0x12B)
[0312/132510.024:ERROR:process_memory_win.cc(73)] ReadMemory at 0x4cf6000 of 3992 bytes failed: Only part of a ReadProcessMemory or WriteProcessMemory request was completed. (0x12B)
[0312/132510.024:ERROR:process_memory_win.cc(73)] ReadMemory at 0x4cf9000 of 3992 bytes failed: Only part of a ReadProcessMemory or WriteProcessMemory request was completed. (0x12B)
[0312/132510.024:ERROR:process_memory_win.cc(73)] ReadMemory at 0x52904b0 of 72 bytes failed: Only part of a ReadProcessMemory or WriteProcessMemory request was completed. (0x12B)
[0312/132510.024:ERROR:process_memory_win.cc(73)] ReadMemory at 0x5290560 of 76 bytes failed: Only part of a ReadProcessMemory or WriteProcessMemory request was completed. (0x12B)
[0312/132510.025:ERROR:process_memory_win.cc(73)] ReadMemory at 0x5290af0 of 4144 bytes failed: Only part of a ReadProcessMemory or WriteProcessMemory request was completed. (0x12B)
[0312/132510.025:ERROR:process_memory_win.cc(73)] ReadMemory at 0x5291b28 of 660 bytes failed: Only part of a ReadProcessMemory or WriteProcessMemory request was completed. (0x12B)
[0312/132510.025:ERROR:process_memory_win.cc(73)] ReadMemory at 0x5291fec of 118 bytes failed: Only part of a ReadProcessMemory or WriteProcessMemory request was completed. (0x12B)
[0312/132510.025:ERROR:process_memory_win.cc(73)] ReadMemory at 0x5292064 of 1360 bytes failed: Only part of a ReadProcessMemory or WriteProcessMemory request was completed. (0x12B)
[0312/132510.025:ERROR:process_memory_win.cc(73)] ReadMemory at 0x52925b6 of 118 bytes failed: Only part of a ReadProcessMemory or WriteProcessMemory request was completed. (0x12B)
[0312/132510.026:ERROR:process_memory_win.cc(73)] ReadMemory at 0x529262e of 100 bytes failed: Only part of a ReadProcessMemory or WriteProcessMemory request was completed. (0x12B)
[0312/132510.026:ERROR:process_memory_win.cc(73)] ReadMemory at 0x52936d0 of 58 bytes failed: Only part of a ReadProcessMemory or WriteProcessMemory request was completed. (0x12B)
[0312/132510.026:ERROR:process_memory_win.cc(73)] ReadMemory at 0x52937c0 of 72 bytes failed: Only part of a ReadProcessMemory or WriteProcessMemory request was completed. (0x12B)
[0312/132510.026:ERROR:process_memory_win.cc(73)] ReadMemory at 0x52938a8 of 72 bytes failed: Only part of a ReadProcessMemory or WriteProcessMemory request was completed. (0x12B)
[0312/132510.026:ERROR:process_memory_win.cc(73)] ReadMemory at 0x52939a8 of 126 bytes failed: Only part of a ReadProcessMemory or WriteProcessMemory request was completed. (0x12B)
[0312/132510.026:ERROR:process_memory_win.cc(73)] ReadMemory at 0x5293cd8 of 72 bytes failed: Only part of a ReadProcessMemory or WriteProcessMemory request was completed. (0x12B)
[0312/132510.026:ERROR:process_memory_win.cc(73)] ReadMemory at 0x5293dc0 of 64 bytes failed: Only part of a ReadProcessMemory or WriteProcessMemory request was completed. (0x12B)
[0312/132510.026:ERROR:process_memory_win.cc(73)] ReadMemory at 0x5293ea8 of 72 bytes failed: Only part of a ReadProcessMemory or WriteProcessMemory request was completed. (0x12B)
[0312/132510.026:ERROR:process_memory_win.cc(73)] ReadMemory at 0x5294038 of 72 bytes failed: Only part of a ReadProcessMemory or WriteProcessMemory request was completed. (0x12B)
[0312/132510.026:ERROR:process_memory_win.cc(73)] ReadMemory at 0x5294120 of 68 bytes failed: Only part of a ReadProcessMemory or WriteProcessMemory request was completed. (0x12B)
[0312/132510.026:ERROR:process_memory_win.cc(73)] ReadMemory at 0x5294b78 of 72 bytes failed: Only part of a ReadProcessMemory or WriteProcessMemory request was completed. (0x12B)
[0312/132510.026:ERROR:process_memory_win.cc(73)] ReadMemory at 0x5294c28 of 66 bytes failed: Only part of a ReadProcessMemory or WriteProcessMemory request was completed. (0x12B)
[0312/132510.026:ERROR:process_memory_win.cc(73)] ReadMemory at 0x5294c88 of 72 bytes failed: Only part of a ReadProcessMemory or WriteProcessMemory request was completed. (0x12B)
[0312/132510.027:ERROR:process_memory_win.cc(73)] ReadMemory at 0x5294d70 of 154 bytes failed: Only part of a ReadProcessMemory or WriteProcessMemory request was completed. (0x12B)
[0312/132510.027:ERROR:process_memory_win.cc(73)] ReadMemory at 0x5295260 of 62 bytes failed: Only part of a ReadProcessMemory or WriteProcessMemory request was completed. (0x12B)
[0312/132510.027:ERROR:process_memory_win.cc(73)] ReadMemory at 0x5295860 of 72 bytes failed: Only part of a ReadProcessMemory or WriteProcessMemory request was completed. (0x12B)
[0312/132510.027:ERROR:process_memory_win.cc(73)] ReadMemory at 0x5295970 of 72 bytes failed: Only part of a ReadProcessMemory or WriteProcessMemory request was completed. (0x12B)
[0312/132510.027:ERROR:process_memory_win.cc(73)] ReadMemory at 0x5295a58 of 60 bytes failed: Only part of a ReadProcessMemory or WriteProcessMemory request was completed. (0x12B)
[0312/132510.027:ERROR:process_memory_win.cc(73)] ReadMemory at 0x5295ba0 of 66 bytes failed: Only part of a ReadProcessMemory or WriteProcessMemory request was completed. (0x12B)
[0312/132510.027:ERROR:process_memory_win.cc(73)] ReadMemory at 0x5295bf0 of 64 bytes failed: Only part of a ReadProcessMemory or WriteProcessMemory request was completed. (0x12B)
[0312/132510.027:ERROR:process_memory_win.cc(73)] ReadMemory at 0x5296a00 of 64 bytes failed: Only part of a ReadProcessMemory or WriteProcessMemory request was completed. (0x12B)
[0312/132510.027:ERROR:process_memory_win.cc(73)] ReadMemory at 0x5296b08 of 64 bytes failed: Only part of a ReadProcessMemory or WriteProcessMemory request was completed. (0x12B)
[0312/132510.027:ERROR:process_memory_win.cc(73)] ReadMemory at 0x5296b60 of 72 bytes failed: Only part of a ReadProcessMemory or WriteProcessMemory request was completed. (0x12B)
[0312/132510.027:ERROR:process_memory_win.cc(73)] ReadMemory at 0x5296c48 of 80 bytes failed: Only part of a ReadProcessMemory or WriteProcessMemory request was completed. (0x12B)
[0312/132510.027:ERROR:process_memory_win.cc(73)] ReadMemory at 0x5296de0 of 72 bytes failed: Only part of a ReadProcessMemory or WriteProcessMemory request was completed. (0x12B)
[0312/132510.027:ERROR:process_memory_win.cc(73)] ReadMemory at 0x52970a8 of 64 bytes failed: Only part of a ReadProcessMemory or WriteProcessMemory request was completed. (0x12B)
[0312/132510.028:ERROR:process_memory_win.cc(73)] ReadMemory at 0x529a0c8 of 72 bytes failed: Only part of a ReadProcessMemory or WriteProcessMemory request was completed. (0x12B)
[0312/132510.028:ERROR:process_memory_win.cc(73)] ReadMemory at 0x529a8f0 of 64 bytes failed: Only part of a ReadProcessMemory or WriteProcessMemory request was completed. (0x12B)
[0312/132510.028:ERROR:process_memory_win.cc(73)] ReadMemory at 0x529ab88 of 146 bytes failed: Only part of a ReadProcessMemory or WriteProcessMemory request was completed. (0x12B)
[0312/132510.028:ERROR:process_memory_win.cc(73)] ReadMemory at 0x529b030 of 72 bytes failed: Only part of a ReadProcessMemory or WriteProcessMemory request was completed. (0x12B)
[0312/132510.028:ERROR:process_memory_win.cc(73)] ReadMemory at 0x529b0e0 of 54 bytes failed: Only part of a ReadProcessMemory or WriteProcessMemory request was completed. (0x12B)
[0312/132510.028:ERROR:process_memory_win.cc(73)] ReadMemory at 0x529c580 of 62 bytes failed: Only part of a ReadProcessMemory or WriteProcessMemory request was completed. (0x12B)
[0312/132510.028:ERROR:process_memory_win.cc(73)] ReadMemory at 0x529c5c8 of 62 bytes failed: Only part of a ReadProcessMemory or WriteProcessMemory request was completed. (0x12B)
[0312/132510.028:ERROR:process_memory_win.cc(73)] ReadMemory at 0x529c610 of 62 bytes failed: Only part of a ReadProcessMemory or WriteProcessMemory request was completed. (0x12B)
[0312/132510.028:ERROR:process_memory_win.cc(73)] ReadMemory at 0x529c658 of 58 bytes failed: Only part of a ReadProcessMemory or WriteProcessMemory request was completed. (0x12B)
[0312/132510.028:ERROR:process_memory_win.cc(73)] ReadMemory at 0x529c6a0 of 62 bytes failed: Only part of a ReadProcessMemory or WriteProcessMemory request was completed. (0x12B)
[0312/132510.028:ERROR:process_memory_win.cc(73)] ReadMemory at 0x529c6e8 of 62 bytes failed: Only part of a ReadProcessMemory or WriteProcessMemory request was completed. (0x12B)
[0312/132510.028:ERROR:process_memory_win.cc(73)] ReadMemory at 0x529c778 of 62 bytes failed: Only part of a ReadProcessMemory or WriteProcessMemory request was completed. (0x12B)
[0312/132510.028:ERROR:process_memory_win.cc(73)] ReadMemory at 0x529c7c0 of 60 bytes failed: Only part of a ReadProcessMemory or WriteProcessMemory request was completed. (0x12B)
[0312/132510.029:ERROR:process_memory_win.cc(73)] ReadMemory at 0x529c808 of 60 bytes failed: Only part of a ReadProcessMemory or WriteProcessMemory request was completed. (0x12B)
[0312/132510.029:ERROR:process_memory_win.cc(73)] ReadMemory at 0x529c8e0 of 60 bytes failed: Only part of a ReadProcessMemory or WriteProcessMemory request was completed. (0x12B)
[0312/132510.029:ERROR:process_memory_win.cc(73)] ReadMemory at 0x529c970 of 60 bytes failed: Only part of a ReadProcessMemory or WriteProcessMemory request was completed. (0x12B)
[0312/132510.029:ERROR:process_memory_win.cc(73)] ReadMemory at 0x529c9b8 of 60 bytes failed: Only part of a ReadProcessMemory or WriteProcessMemory request was completed. (0x12B)
[0312/132510.029:ERROR:process_memory_win.cc(73)] ReadMemory at 0x529ca00 of 62 bytes failed: Only part of a ReadProcessMemory or WriteProcessMemory request was completed. (0x12B)
[0312/132510.029:ERROR:process_memory_win.cc(73)] ReadMemory at 0x529cd40 of 72 bytes failed: Only part of a ReadProcessMemory or WriteProcessMemory request was completed. (0x12B)
[0312/132510.029:ERROR:process_memory_win.cc(73)] ReadMemory at 0x529cdf0 of 64 bytes failed: Only part of a ReadProcessMemory or WriteProcessMemory request was completed. (0x12B)
[0312/132510.029:ERROR:process_memory_win.cc(73)] ReadMemory at 0x529e5c8 of 66 bytes failed: Only part of a ReadProcessMemory or WriteProcessMemory request was completed. (0x12B)
[0312/132510.029:ERROR:process_memory_win.cc(73)] ReadMemory at 0x529e758 of 64 bytes failed: Only part of a ReadProcessMemory or WriteProcessMemory request was completed. (0x12B)
[0312/132510.029:ERROR:process_memory_win.cc(73)] ReadMemory at 0x529fcc8 of 72 bytes failed: Only part of a ReadProcessMemory or WriteProcessMemory request was completed. (0x12B)
[0312/132510.029:ERROR:process_memory_win.cc(73)] ReadMemory at 0x52a0e28 of 78 bytes failed: Only part of a ReadProcessMemory or WriteProcessMemory request was completed. (0x12B)
[0312/132510.030:ERROR:process_memory_win.cc(73)] ReadMemory at 0x52a0ea0 of 80 bytes failed: Only part of a ReadProcessMemory or WriteProcessMemory request was completed. (0x12B)
[0312/132510.030:ERROR:process_memory_win.cc(73)] ReadMemory at 0x52a2400 of 64 bytes failed: Only part of a ReadProcessMemory or WriteProcessMemory request was completed. (0x12B)
[0312/132510.030:ERROR:process_memory_win.cc(73)] ReadMemory at 0x52a24f8 of 66 bytes failed: Only part of a ReadProcessMemory or WriteProcessMemory request was completed. (0x12B)
[0312/132510.030:ERROR:process_memory_win.cc(73)] ReadMemory at 0x52a2600 of 64 bytes failed: Only part of a ReadProcessMemory or WriteProcessMemory request was completed. (0x12B)
[0312/132510.030:ERROR:process_memory_win.cc(73)] ReadMemory at 0x52a3e28 of 72 bytes failed: Only part of a ReadProcessMemory or WriteProcessMemory request was completed. (0x12B)
[0312/132510.030:ERROR:process_memory_win.cc(73)] ReadMemory at 0x52a3ed8 of 72 bytes failed: Only part of a ReadProcessMemory or WriteProcessMemory request was completed. (0x12B)
[0312/132510.030:ERROR:process_memory_win.cc(73)] ReadMemory at 0x52a4038 of 72 bytes failed: Only part of a ReadProcessMemory or WriteProcessMemory request was completed. (0x12B)
[0312/132510.030:ERROR:process_memory_win.cc(73)] ReadMemory at 0x52a40e8 of 72 bytes failed: Only part of a ReadProcessMemory or WriteProcessMemory request was completed. (0x12B)
[0312/132510.030:ERROR:process_memory_win.cc(73)] ReadMemory at 0x52a4198 of 72 bytes failed: Only part of a ReadProcessMemory or WriteProcessMemory request was completed. (0x12B)
[0312/132510.030:ERROR:process_memory_win.cc(73)] ReadMemory at 0x52a4248 of 72 bytes failed: Only part of a ReadProcessMemory or WriteProcessMemory request was completed. (0x12B)
[0312/132510.031:ERROR:process_memory_win.cc(73)] ReadMemory at 0x52a42f8 of 72 bytes failed: Only part of a ReadProcessMemory or WriteProcessMemory request was completed. (0x12B)
[0312/132510.031:ERROR:process_memory_win.cc(73)] ReadMemory at 0x52a43a8 of 72 bytes failed: Only part of a ReadProcessMemory or WriteProcessMemory request was completed. (0x12B)
[0312/132510.031:ERROR:process_memory_win.cc(73)] ReadMemory at 0x52a4458 of 72 bytes failed: Only part of a ReadProcessMemory or WriteProcessMemory request was completed. (0x12B)
[0312/132510.031:ERROR:process_memory_win.cc(73)] ReadMemory at 0x52a4508 of 72 bytes failed: Only part of a ReadProcessMemory or WriteProcessMemory request was completed. (0x12B)
[0312/132510.031:ERROR:process_memory_win.cc(73)] ReadMemory at 0x52a45b8 of 72 bytes failed: Only part of a ReadProcessMemory or WriteProcessMemory request was completed. (0x12B)
[0312/132510.031:ERROR:process_memory_win.cc(73)] ReadMemory at 0x52a4668 of 72 bytes failed: Only part of a ReadProcessMemory or WriteProcessMemory request was completed. (0x12B)
[0312/132510.031:ERROR:process_memory_win.cc(73)] ReadMemory at 0x52a4718 of 72 bytes failed: Only part of a ReadProcessMemory or WriteProcessMemory request was completed. (0x12B)
[0312/132510.031:ERROR:process_memory_win.cc(73)] ReadMemory at 0x52a47c8 of 72 bytes failed: Only part of a ReadProcessMemory or WriteProcessMemory request was completed. (0x12B)
[0312/132510.031:ERROR:process_memory_win.cc(73)] ReadMemory at 0x52a4878 of 72 bytes failed: Only part of a ReadProcessMemory or WriteProcessMemory request was completed. (0x12B)
[0312/132510.031:ERROR:process_memory_win.cc(73)] ReadMemory at 0x52a4928 of 72 bytes failed: Only part of a ReadProcessMemory or WriteProcessMemory request was completed. (0x12B)
[0312/132510.031:ERROR:process_memory_win.cc(73)] ReadMemory at 0x52a49d8 of 72 bytes failed: Only part of a ReadProcessMemory or WriteProcessMemory request was completed. (0x12B)
[0312/132510.032:ERROR:process_memory_win.cc(73)] ReadMemory at 0x52a4a88 of 72 bytes failed: Only part of a ReadProcessMemory or WriteProcessMemory request was completed. (0x12B)
[0312/132510.032:ERROR:process_memory_win.cc(73)] ReadMemory at 0x52a4be8 of 72 bytes failed: Only part of a ReadProcessMemory or WriteProcessMemory request was completed. (0x12B)
[0312/132510.032:ERROR:process_memory_win.cc(73)] ReadMemory at 0x52a4c98 of 72 bytes failed: Only part of a ReadProcessMemory or WriteProcessMemory request was completed. (0x12B)
[0312/132510.032:ERROR:process_memory_win.cc(73)] ReadMemory at 0x52a6010 of 72 bytes failed: Only part of a ReadProcessMemory or WriteProcessMemory request was completed. (0x12B)
[0312/132510.032:ERROR:process_memory_win.cc(73)] ReadMemory at 0x52a62d0 of 72 bytes failed: Only part of a ReadProcessMemory or WriteProcessMemory request was completed. (0x12B)
[0312/132510.032:ERROR:process_memory_win.cc(73)] ReadMemory at 0x52a6430 of 72 bytes failed: Only part of a ReadProcessMemory or WriteProcessMemory request was completed. (0x12B)
[0312/132510.032:ERROR:process_memory_win.cc(73)] ReadMemory at 0x52a66f0 of 72 bytes failed: Only part of a ReadProcessMemory or WriteProcessMemory request was completed. (0x12B)
[0312/132510.032:ERROR:process_memory_win.cc(73)] ReadMemory at 0x52a67a0 of 72 bytes failed: Only part of a ReadProcessMemory or WriteProcessMemory request was completed. (0x12B)
[0312/132510.032:ERROR:process_memory_win.cc(73)] ReadMemory at 0x52a6850 of 72 bytes failed: Only part of a ReadProcessMemory or WriteProcessMemory request was completed. (0x12B)
[0312/132510.032:ERROR:process_memory_win.cc(73)] ReadMemory at 0x52a6900 of 72 bytes failed: Only part of a ReadProcessMemory or WriteProcessMemory request was completed. (0x12B)
[0312/132510.032:ERROR:process_memory_win.cc(73)] ReadMemory at 0x52a6bc0 of 72 bytes failed: Only part of a ReadProcessMemory or WriteProcessMemory request was completed. (0x12B)
[0312/132510.033:ERROR:process_memory_win.cc(73)] ReadMemory at 0x52a6d20 of 72 bytes failed: Only part of a ReadProcessMemory or WriteProcessMemory request was completed. (0x12B)
[0312/132510.033:ERROR:process_memory_win.cc(73)] ReadMemory at 0x52a71f0 of 72 bytes failed: Only part of a ReadProcessMemory or WriteProcessMemory request was completed. (0x12B)
[0312/132510.033:ERROR:process_memory_win.cc(73)] ReadMemory at 0x52a72a0 of 72 bytes failed: Only part of a ReadProcessMemory or WriteProcessMemory request was completed. (0x12B)
[0312/132510.033:ERROR:process_memory_win.cc(73)] ReadMemory at 0x52a7350 of 72 bytes failed: Only part of a ReadProcessMemory or WriteProcessMemory request was completed. (0x12B)
[0312/132510.033:ERROR:process_memory_win.cc(73)] ReadMemory at 0x52a7400 of 72 bytes failed: Only part of a ReadProcessMemory or WriteProcessMemory request was completed. (0x12B)
[0312/132510.033:ERROR:process_memory_win.cc(73)] ReadMemory at 0x52a74b0 of 72 bytes failed: Only part of a ReadProcessMemory or WriteProcessMemory request was completed. (0x12B)
[0312/132510.033:ERROR:process_memory_win.cc(73)] ReadMemory at 0x52a7560 of 72 bytes failed: Only part of a ReadProcessMemory or WriteProcessMemory request was completed. (0x12B)
[0312/132510.033:ERROR:process_memory_win.cc(73)] ReadMemory at 0x52a80a8 of 58 bytes failed: Only part of a ReadProcessMemory or WriteProcessMemory request was completed. (0x12B)
[0312/132510.033:ERROR:process_memory_win.cc(73)] ReadMemory at 0x52a82a0 of 62 bytes failed: Only part of a ReadProcessMemory or WriteProcessMemory request was completed. (0x12B)
[0312/132510.033:ERROR:process_memory_win.cc(73)] ReadMemory at 0x52a82e8 of 62 bytes failed: Only part of a ReadProcessMemory or WriteProcessMemory request was completed. (0x12B)
[0312/132510.034:ERROR:process_memory_win.cc(73)] ReadMemory at 0x52a8330 of 60 bytes failed: Only part of a ReadProcessMemory or WriteProcessMemory request was completed. (0x12B)
[0312/132510.034:ERROR:process_memory_win.cc(73)] ReadMemory at 0x52a8378 of 60 bytes failed: Only part of a ReadProcessMemory or WriteProcessMemory request was completed. (0x12B)
[0312/132510.034:ERROR:process_memory_win.cc(73)] ReadMemory at 0x52a8450 of 58 bytes failed: Only part of a ReadProcessMemory or WriteProcessMemory request was completed. (0x12B)
[0312/132510.034:ERROR:process_memory_win.cc(73)] ReadMemory at 0x52a8528 of 62 bytes failed: Only part of a ReadProcessMemory or WriteProcessMemory request was completed. (0x12B)
[0312/132510.034:ERROR:process_memory_win.cc(73)] ReadMemory at 0x52a8570 of 62 bytes failed: Only part of a ReadProcessMemory or WriteProcessMemory request was completed. (0x12B)
[0312/132510.034:ERROR:process_memory_win.cc(73)] ReadMemory at 0x52a85b8 of 62 bytes failed: Only part of a ReadProcessMemory or WriteProcessMemory request was completed. (0x12B)
[0312/132510.034:ERROR:process_memory_win.cc(73)] ReadMemory at 0x52a8600 of 58 bytes failed: Only part of a ReadProcessMemory or WriteProcessMemory request was completed. (0x12B)
[0312/132510.034:ERROR:process_memory_win.cc(73)] ReadMemory at 0x52a87f8 of 62 bytes failed: Only part of a ReadProcessMemory or WriteProcessMemory request was completed. (0x12B)
[0312/132510.034:ERROR:process_memory_win.cc(73)] ReadMemory at 0x52a88d0 of 60 bytes failed: Only part of a ReadProcessMemory or WriteProcessMemory request was completed. (0x12B)
[0312/132510.034:ERROR:process_memory_win.cc(73)] ReadMemory at 0x52bd138 of 512 bytes failed: Only part of a ReadProcessMemory or WriteProcessMemory request was completed. (0x12B)
[0312/132510.034:ERROR:process_memory_win.cc(73)] ReadMemory at 0x53b4760 of 528 bytes failed: Only part of a ReadProcessMemory or WriteProcessMemory request was completed. (0x12B)
[0312/132510.035:ERROR:process_memory_win.cc(73)] ReadMemory at 0x53c1130 of 612 bytes failed: Only part of a ReadProcessMemory or WriteProcessMemory request was completed. (0x12B)
[0312/132510.035:ERROR:process_memory_win.cc(73)] ReadMemory at 0x85d77e8 of 512 bytes failed: Only part of a ReadProcessMemory or WriteProcessMemory request was completed. (0x12B)
[0312/132510.035:ERROR:process_memory_win.cc(73)] ReadMemory at 0xa49df5c of 512 bytes failed: Only part of a ReadProcessMemory or WriteProcessMemory request was completed. (0x12B)
[0312/132510.035:ERROR:process_memory_win.cc(73)] ReadMemory at 0x760d4112 of 512 bytes failed: Only part of a ReadProcessMemory or WriteProcessMemory request was completed. (0x12B)
[0312/132510.035:ERROR:process_memory_win.cc(73)] ReadMemory at 0x771019e0 of 512 bytes failed: Only part of a ReadProcessMemory or WriteProcessMemory request was completed. (0x12B)
[0312/132510.035:ERROR:process_memory_win.cc(73)] ReadMemory at 0x771e9270 of 18 bytes failed: Only part of a ReadProcessMemory or WriteProcessMemory request was completed. (0x12B)
[0312/132510.035:ERROR:process_memory_win.cc(73)] ReadMemory at 0x7721aefc of 512 bytes failed: Only part of a ReadProcessMemory or WriteProcessMemory request was completed. (0x12B)
[0312/132510.035:ERROR:process_memory_win.cc(73)] ReadMemory at 0x77236330 of 512 bytes failed: Only part of a ReadProcessMemory or WriteProcessMemory request was completed. (0x12B)
[0312/132510.035:ERROR:process_memory_win.cc(73)] ReadMemory at 0x77251d1c of 592 bytes failed: Only part of a ReadProcessMemory or WriteProcessMemory request was completed. (0x12B)
[0312/132510.035:ERROR:process_memory_win.cc(73)] ReadMemory at 0x7725203c of 512 bytes failed: Only part of a ReadProcessMemory or WriteProcessMemory request was completed. (0x12B)
[0312/132510.035:ERROR:process_memory_win.cc(73)] ReadMemory at 0x7725399c of 560 bytes failed: Only part of a ReadProcessMemory or WriteProcessMemory request was completed. (0x12B)
[0312/132510.036:ERROR:process_memory_win.cc(73)] ReadMemory at 0x772fb3d0 of 24 bytes failed: Only part of a ReadProcessMemory or WriteProcessMemory request was completed. (0x12B)
[0312/132510.036:ERROR:process_memory_win.cc(73)] ReadMemory at 0x772fb76c of 32 bytes failed: Only part of a ReadProcessMemory or WriteProcessMemory request was completed. (0x12B)
[0312/132510.036:ERROR:process_memory_win.cc(73)] ReadMemory at 0x772fdca0 of 36 bytes failed: Only part of a ReadProcessMemory or WriteProcessMemory request was completed. (0x12B)
[0312/132510.037:ERROR:scoped_process_suspend.cc(40)] NtResumeProcess: An attempt was made to access an exiting process. (0xc000010a)
[0501/150723.129:ERROR:process_reader_win.cc(151)] SuspendThread: Access is denied. (0x5)
[0501/150723.130:ERROR:exception_snapshot_win.cc(98)] thread ID 23724 not found in process
[0501/150723.130:ERROR:scoped_process_suspend.cc(40)] NtResumeProcess: An attempt was made to access an exiting process. (0xc000010a)
[0505/135827.113:ERROR:process_reader_win.cc(151)] SuspendThread: Access is denied. (0x5)
[0505/135827.115:ERROR:exception_snapshot_win.cc(98)] thread ID 26752 not found in process
[0505/135827.115:ERROR:scoped_process_suspend.cc(40)] NtResumeProcess: An attempt was made to access an exiting process. (0xc000010a)
